<?xml version="1.0" encoding="UTF-8"?>
<testsuite xmlns:xsi="http://www.w3.org/2001/XMLSchema-instance" xsi:noNamespaceSchemaLocation="https://maven.apache.org/surefire/maven-surefire-plugin/xsd/surefire-test-report.xsd" name="com.bookclub.BookclubApplicationTests" time="3.691" tests="1" errors="0" skipped="0" failures="0">
  <properties>
    <property name="java.specification.version" value="19"/>
    <property name="sun.jnu.encoding" value="UTF-8"/>
    <property name="java.class.path" value="/Users/cheyenne/Desktop/BELLEVUE/SERVER SIDE DEVELOPMENT/bookclub/target/test-classes:/Users/cheyenne/Desktop/BELLEVUE/SERVER SIDE DEVELOPMENT/bookclub/target/classes:/Users/cheyenne/.m2/repository/org/springframework/boot/spring-boot-starter-actuator/2.5.14/spring-boot-starter-actuator-2.5.14.jar:/Users/cheyenne/.m2/repository/org/springframework/boot/spring-boot-starter/2.5.14/spring-boot-starter-2.5.14.jar:/Users/cheyenne/.m2/repository/org/springframework/boot/spring-boot-starter-logging/2.5.14/spring-boot-starter-logging-2.5.14.jar:/Users/cheyenne/.m2/repository/ch/qos/logback/logback-classic/1.2.11/logback-classic-1.2.11.jar:/Users/cheyenne/.m2/repository/ch/qos/logback/logback-core/1.2.11/logback-core-1.2.11.jar:/Users/cheyenne/.m2/repository/org/apache/logging/log4j/log4j-to-slf4j/2.17.2/log4j-to-slf4j-2.17.2.jar:/Users/cheyenne/.m2/repository/org/apache/logging/log4j/log4j-api/2.17.2/log4j-api-2.17.2.jar:/Users/cheyenne/.m2/repository/org/slf4j/jul-to-slf4j/1.7.36/jul-to-slf4j-1.7.36.jar:/Users/cheyenne/.m2/repository/jakarta/annotation/jakarta.annotation-api/1.3.5/jakarta.annotation-api-1.3.5.jar:/Users/cheyenne/.m2/repository/org/yaml/snakeyaml/1.28/snakeyaml-1.28.jar:/Users/cheyenne/.m2/repository/org/springframework/boot/spring-boot-actuator-autoconfigure/2.5.14/spring-boot-actuator-autoconfigure-2.5.14.jar:/Users/cheyenne/.m2/repository/org/springframework/boot/spring-boot-actuator/2.5.14/spring-boot-actuator-2.5.14.jar:/Users/cheyenne/.m2/repository/com/fasterxml/jackson/core/jackson-databind/2.12.6.1/jackson-databind-2.12.6.1.jar:/Users/cheyenne/.m2/repository/com/fasterxml/jackson/core/jackson-annotations/2.12.6/jackson-annotations-2.12.6.jar:/Users/cheyenne/.m2/repository/com/fasterxml/jackson/datatype/jackson-datatype-jsr310/2.12.6/jackson-datatype-jsr310-2.12.6.jar:/Users/cheyenne/.m2/repository/io/micrometer/micrometer-core/1.7.12/micrometer-core-1.7.12.jar:/Users/cheyenne/.m2/repository/org/hdrhistogram/HdrHistogram/2.1.12/HdrHistogram-2.1.12.jar:/Users/cheyenne/.m2/repository/org/latencyutils/LatencyUtils/2.0.3/LatencyUtils-2.0.3.jar:/Users/cheyenne/.m2/repository/org/springframework/boot/spring-boot-starter-validation/2.5.14/spring-boot-starter-validation-2.5.14.jar:/Users/cheyenne/.m2/repository/org/apache/tomcat/embed/tomcat-embed-el/9.0.63/tomcat-embed-el-9.0.63.jar:/Users/cheyenne/.m2/repository/org/hibernate/validator/hibernate-validator/6.2.3.Final/hibernate-validator-6.2.3.Final.jar:/Users/cheyenne/.m2/repository/jakarta/validation/jakarta.validation-api/2.0.2/jakarta.validation-api-2.0.2.jar:/Users/cheyenne/.m2/repository/org/jboss/logging/jboss-logging/3.4.3.Final/jboss-logging-3.4.3.Final.jar:/Users/cheyenne/.m2/repository/com/fasterxml/classmate/1.5.1/classmate-1.5.1.jar:/Users/cheyenne/.m2/repository/org/springframework/boot/spring-boot-starter-thymeleaf/2.5.14/spring-boot-starter-thymeleaf-2.5.14.jar:/Users/cheyenne/.m2/repository/org/thymeleaf/thymeleaf-spring5/3.0.15.RELEASE/thymeleaf-spring5-3.0.15.RELEASE.jar:/Users/cheyenne/.m2/repository/org/thymeleaf/thymeleaf/3.0.15.RELEASE/thymeleaf-3.0.15.RELEASE.jar:/Users/cheyenne/.m2/repository/org/attoparser/attoparser/2.0.5.RELEASE/attoparser-2.0.5.RELEASE.jar:/Users/cheyenne/.m2/repository/org/unbescape/unbescape/1.1.6.RELEASE/unbescape-1.1.6.RELEASE.jar:/Users/cheyenne/.m2/repository/org/thymeleaf/extras/thymeleaf-extras-java8time/3.0.4.RELEASE/thymeleaf-extras-java8time-3.0.4.RELEASE.jar:/Users/cheyenne/.m2/repository/org/springframework/boot/spring-boot-starter-web/2.5.14/spring-boot-starter-web-2.5.14.jar:/Users/cheyenne/.m2/repository/org/springframework/boot/spring-boot-starter-json/2.5.14/spring-boot-starter-json-2.5.14.jar:/Users/cheyenne/.m2/repository/com/fasterxml/jackson/datatype/jackson-datatype-jdk8/2.12.6/jackson-datatype-jdk8-2.12.6.jar:/Users/cheyenne/.m2/repository/com/fasterxml/jackson/module/jackson-module-parameter-names/2.12.6/jackson-module-parameter-names-2.12.6.jar:/Users/cheyenne/.m2/repository/org/springframework/boot/spring-boot-starter-tomcat/2.5.14/spring-boot-starter-tomcat-2.5.14.jar:/Users/cheyenne/.m2/repository/org/apache/tomcat/embed/tomcat-embed-core/9.0.63/tomcat-embed-core-9.0.63.jar:/Users/cheyenne/.m2/repository/org/apache/tomcat/embed/tomcat-embed-websocket/9.0.63/tomcat-embed-websocket-9.0.63.jar:/Users/cheyenne/.m2/repository/org/springframework/spring-web/5.3.20/spring-web-5.3.20.jar:/Users/cheyenne/.m2/repository/org/springframework/spring-beans/5.3.20/spring-beans-5.3.20.jar:/Users/cheyenne/.m2/repository/org/springframework/spring-webmvc/5.3.20/spring-webmvc-5.3.20.jar:/Users/cheyenne/.m2/repository/org/springframework/spring-context/5.3.20/spring-context-5.3.20.jar:/Users/cheyenne/.m2/repository/org/springframework/spring-expression/5.3.20/spring-expression-5.3.20.jar:/Users/cheyenne/.m2/repository/org/springframework/boot/spring-boot-devtools/2.5.14/spring-boot-devtools-2.5.14.jar:/Users/cheyenne/.m2/repository/org/springframework/boot/spring-boot/2.5.14/spring-boot-2.5.14.jar:/Users/cheyenne/.m2/repository/org/springframework/boot/spring-boot-autoconfigure/2.5.14/spring-boot-autoconfigure-2.5.14.jar:/Users/cheyenne/.m2/repository/org/springframework/boot/spring-boot-starter-test/2.5.14/spring-boot-starter-test-2.5.14.jar:/Users/cheyenne/.m2/repository/org/springframework/boot/spring-boot-test/2.5.14/spring-boot-test-2.5.14.jar:/Users/cheyenne/.m2/repository/org/springframework/boot/spring-boot-test-autoconfigure/2.5.14/spring-boot-test-autoconfigure-2.5.14.jar:/Users/cheyenne/.m2/repository/jakarta/xml/bind/jakarta.xml.bind-api/2.3.3/jakarta.xml.bind-api-2.3.3.jar:/Users/cheyenne/.m2/repository/jakarta/activation/jakarta.activation-api/1.2.2/jakarta.activation-api-1.2.2.jar:/Users/cheyenne/.m2/repository/org/assertj/assertj-core/3.19.0/assertj-core-3.19.0.jar:/Users/cheyenne/.m2/repository/org/hamcrest/hamcrest/2.2/hamcrest-2.2.jar:/Users/cheyenne/.m2/repository/org/junit/jupiter/junit-jupiter/5.7.2/junit-jupiter-5.7.2.jar:/Users/cheyenne/.m2/repository/org/junit/jupiter/junit-jupiter-params/5.7.2/junit-jupiter-params-5.7.2.jar:/Users/cheyenne/.m2/repository/org/junit/jupiter/junit-jupiter-engine/5.7.2/junit-jupiter-engine-5.7.2.jar:/Users/cheyenne/.m2/repository/org/junit/platform/junit-platform-engine/1.7.2/junit-platform-engine-1.7.2.jar:/Users/cheyenne/.m2/repository/org/mockito/mockito-core/3.9.0/mockito-core-3.9.0.jar:/Users/cheyenne/.m2/repository/net/bytebuddy/byte-buddy/1.10.22/byte-buddy-1.10.22.jar:/Users/cheyenne/.m2/repository/net/bytebuddy/byte-buddy-agent/1.10.22/byte-buddy-agent-1.10.22.jar:/Users/cheyenne/.m2/repository/org/objenesis/objenesis/3.2/objenesis-3.2.jar:/Users/cheyenne/.m2/repository/org/skyscreamer/jsonassert/1.5.0/jsonassert-1.5.0.jar:/Users/cheyenne/.m2/repository/com/vaadin/external/google/android-json/0.0.20131108.vaadin1/android-json-0.0.20131108.vaadin1.jar:/Users/cheyenne/.m2/repository/org/springframework/spring-core/5.3.20/spring-core-5.3.20.jar:/Users/cheyenne/.m2/repository/org/springframework/spring-jcl/5.3.20/spring-jcl-5.3.20.jar:/Users/cheyenne/.m2/repository/org/springframework/spring-test/5.3.20/spring-test-5.3.20.jar:/Users/cheyenne/.m2/repository/org/xmlunit/xmlunit-core/2.8.4/xmlunit-core-2.8.4.jar:/Users/cheyenne/.m2/repository/org/springframework/boot/spring-boot-starter-data-mongodb/2.5.14/spring-boot-starter-data-mongodb-2.5.14.jar:/Users/cheyenne/.m2/repository/org/mongodb/mongodb-driver-sync/4.2.3/mongodb-driver-sync-4.2.3.jar:/Users/cheyenne/.m2/repository/org/mongodb/bson/4.2.3/bson-4.2.3.jar:/Users/cheyenne/.m2/repository/org/mongodb/mongodb-driver-core/4.2.3/mongodb-driver-core-4.2.3.jar:/Users/cheyenne/.m2/repository/org/springframework/data/spring-data-mongodb/3.2.11/spring-data-mongodb-3.2.11.jar:/Users/cheyenne/.m2/repository/org/springframework/spring-tx/5.3.20/spring-tx-5.3.20.jar:/Users/cheyenne/.m2/repository/org/springframework/data/spring-data-commons/2.5.11/spring-data-commons-2.5.11.jar:/Users/cheyenne/.m2/repository/org/springframework/boot/spring-boot-starter-security/2.5.14/spring-boot-starter-security-2.5.14.jar:/Users/cheyenne/.m2/repository/org/springframework/spring-aop/5.3.20/spring-aop-5.3.20.jar:/Users/cheyenne/.m2/repository/org/springframework/security/spring-security-config/5.5.8/spring-security-config-5.5.8.jar:/Users/cheyenne/.m2/repository/org/springframework/security/spring-security-web/5.5.8/spring-security-web-5.5.8.jar:/Users/cheyenne/.m2/repository/org/springframework/security/spring-security-test/5.5.8/spring-security-test-5.5.8.jar:/Users/cheyenne/.m2/repository/org/springframework/security/spring-security-core/5.5.8/spring-security-core-5.5.8.jar:/Users/cheyenne/.m2/repository/org/springframework/security/spring-security-crypto/5.5.8/spring-security-crypto-5.5.8.jar:/Users/cheyenne/.m2/repository/org/thymeleaf/extras/thymeleaf-extras-springsecurity5/3.0.4.RELEASE/thymeleaf-extras-springsecurity5-3.0.4.RELEASE.jar:/Users/cheyenne/.m2/repository/org/slf4j/slf4j-api/1.7.36/slf4j-api-1.7.36.jar:/Users/cheyenne/.m2/repository/org/springdoc/springdoc-openapi-ui/1.5.2/springdoc-openapi-ui-1.5.2.jar:/Users/cheyenne/.m2/repository/org/springdoc/springdoc-openapi-webmvc-core/1.5.2/springdoc-openapi-webmvc-core-1.5.2.jar:/Users/cheyenne/.m2/repository/org/springdoc/springdoc-openapi-common/1.5.2/springdoc-openapi-common-1.5.2.jar:/Users/cheyenne/.m2/repository/io/swagger/core/v3/swagger-models/2.1.6/swagger-models-2.1.6.jar:/Users/cheyenne/.m2/repository/io/swagger/core/v3/swagger-annotations/2.1.6/swagger-annotations-2.1.6.jar:/Users/cheyenne/.m2/repository/io/swagger/core/v3/swagger-integration/2.1.6/swagger-integration-2.1.6.jar:/Users/cheyenne/.m2/repository/io/swagger/core/v3/swagger-core/2.1.6/swagger-core-2.1.6.jar:/Users/cheyenne/.m2/repository/com/fasterxml/jackson/dataformat/jackson-dataformat-yaml/2.12.6/jackson-dataformat-yaml-2.12.6.jar:/Users/cheyenne/.m2/repository/io/github/classgraph/classgraph/4.8.69/classgraph-4.8.69.jar:/Users/cheyenne/.m2/repository/org/apache/commons/commons-lang3/3.12.0/commons-lang3-3.12.0.jar:/Users/cheyenne/.m2/repository/org/webjars/swagger-ui/3.38.0/swagger-ui-3.38.0.jar:/Users/cheyenne/.m2/repository/org/webjars/webjars-locator-core/0.46/webjars-locator-core-0.46.jar:/Users/cheyenne/.m2/repository/com/fasterxml/jackson/core/jackson-core/2.12.6/jackson-core-2.12.6.jar:/Users/cheyenne/.m2/repository/com/jayway/jsonpath/json-path/2.5.0/json-path-2.5.0.jar:/Users/cheyenne/.m2/repository/net/minidev/json-smart/2.4.8/json-smart-2.4.8.jar:/Users/cheyenne/.m2/repository/net/minidev/accessors-smart/2.4.8/accessors-smart-2.4.8.jar:/Users/cheyenne/.m2/repository/org/ow2/asm/asm/9.1/asm-9.1.jar:/Users/cheyenne/.m2/repository/org/mockito/mockito-junit-jupiter/3.9.0/mockito-junit-jupiter-3.9.0.jar:/Users/cheyenne/.m2/repository/org/junit/jupiter/junit-jupiter-api/5.7.2/junit-jupiter-api-5.7.2.jar:/Users/cheyenne/.m2/repository/org/apiguardian/apiguardian-api/1.1.0/apiguardian-api-1.1.0.jar:/Users/cheyenne/.m2/repository/org/opentest4j/opentest4j/1.2.0/opentest4j-1.2.0.jar:/Users/cheyenne/.m2/repository/org/junit/platform/junit-platform-commons/1.7.2/junit-platform-commons-1.7.2.jar:"/>
    <property name="java.vm.vendor" value="Oracle Corporation"/>
    <property name="sun.arch.data.model" value="64"/>
    <property name="java.vendor.url" value="https://java.oracle.com/"/>
    <property name="os.name" value="Mac OS X"/>
    <property name="java.vm.specification.version" value="19"/>
    <property name="sun.java.launcher" value="SUN_STANDARD"/>
    <property name="user.country" value="US"/>
    <property name="sun.boot.library.path" value="/Library/Java/JavaVirtualMachines/jdk-19.jdk/Contents/Home/lib"/>
    <property name="sun.java.command" value="/Users/cheyenne/Desktop/BELLEVUE/SERVER SIDE DEVELOPMENT/bookclub/target/surefire/surefirebooter4757757782941480691.jar /Users/cheyenne/Desktop/BELLEVUE/SERVER SIDE DEVELOPMENT/bookclub/target/surefire 2023-06-04T13-57-41_847-jvmRun1 surefire14957416232593088125tmp surefire_016227158851798569218tmp"/>
    <property name="http.nonProxyHosts" value="local|*.local|169.254/16|*.169.254/16"/>
    <property name="jdk.debug" value="release"/>
    <property name="surefire.test.class.path" value="/Users/cheyenne/Desktop/BELLEVUE/SERVER SIDE DEVELOPMENT/bookclub/target/test-classes:/Users/cheyenne/Desktop/BELLEVUE/SERVER SIDE DEVELOPMENT/bookclub/target/classes:/Users/cheyenne/.m2/repository/org/springframework/boot/spring-boot-starter-actuator/2.5.14/spring-boot-starter-actuator-2.5.14.jar:/Users/cheyenne/.m2/repository/org/springframework/boot/spring-boot-starter/2.5.14/spring-boot-starter-2.5.14.jar:/Users/cheyenne/.m2/repository/org/springframework/boot/spring-boot-starter-logging/2.5.14/spring-boot-starter-logging-2.5.14.jar:/Users/cheyenne/.m2/repository/ch/qos/logback/logback-classic/1.2.11/logback-classic-1.2.11.jar:/Users/cheyenne/.m2/repository/ch/qos/logback/logback-core/1.2.11/logback-core-1.2.11.jar:/Users/cheyenne/.m2/repository/org/apache/logging/log4j/log4j-to-slf4j/2.17.2/log4j-to-slf4j-2.17.2.jar:/Users/cheyenne/.m2/repository/org/apache/logging/log4j/log4j-api/2.17.2/log4j-api-2.17.2.jar:/Users/cheyenne/.m2/repository/org/slf4j/jul-to-slf4j/1.7.36/jul-to-slf4j-1.7.36.jar:/Users/cheyenne/.m2/repository/jakarta/annotation/jakarta.annotation-api/1.3.5/jakarta.annotation-api-1.3.5.jar:/Users/cheyenne/.m2/repository/org/yaml/snakeyaml/1.28/snakeyaml-1.28.jar:/Users/cheyenne/.m2/repository/org/springframework/boot/spring-boot-actuator-autoconfigure/2.5.14/spring-boot-actuator-autoconfigure-2.5.14.jar:/Users/cheyenne/.m2/repository/org/springframework/boot/spring-boot-actuator/2.5.14/spring-boot-actuator-2.5.14.jar:/Users/cheyenne/.m2/repository/com/fasterxml/jackson/core/jackson-databind/2.12.6.1/jackson-databind-2.12.6.1.jar:/Users/cheyenne/.m2/repository/com/fasterxml/jackson/core/jackson-annotations/2.12.6/jackson-annotations-2.12.6.jar:/Users/cheyenne/.m2/repository/com/fasterxml/jackson/datatype/jackson-datatype-jsr310/2.12.6/jackson-datatype-jsr310-2.12.6.jar:/Users/cheyenne/.m2/repository/io/micrometer/micrometer-core/1.7.12/micrometer-core-1.7.12.jar:/Users/cheyenne/.m2/repository/org/hdrhistogram/HdrHistogram/2.1.12/HdrHistogram-2.1.12.jar:/Users/cheyenne/.m2/repository/org/latencyutils/LatencyUtils/2.0.3/LatencyUtils-2.0.3.jar:/Users/cheyenne/.m2/repository/org/springframework/boot/spring-boot-starter-validation/2.5.14/spring-boot-starter-validation-2.5.14.jar:/Users/cheyenne/.m2/repository/org/apache/tomcat/embed/tomcat-embed-el/9.0.63/tomcat-embed-el-9.0.63.jar:/Users/cheyenne/.m2/repository/org/hibernate/validator/hibernate-validator/6.2.3.Final/hibernate-validator-6.2.3.Final.jar:/Users/cheyenne/.m2/repository/jakarta/validation/jakarta.validation-api/2.0.2/jakarta.validation-api-2.0.2.jar:/Users/cheyenne/.m2/repository/org/jboss/logging/jboss-logging/3.4.3.Final/jboss-logging-3.4.3.Final.jar:/Users/cheyenne/.m2/repository/com/fasterxml/classmate/1.5.1/classmate-1.5.1.jar:/Users/cheyenne/.m2/repository/org/springframework/boot/spring-boot-starter-thymeleaf/2.5.14/spring-boot-starter-thymeleaf-2.5.14.jar:/Users/cheyenne/.m2/repository/org/thymeleaf/thymeleaf-spring5/3.0.15.RELEASE/thymeleaf-spring5-3.0.15.RELEASE.jar:/Users/cheyenne/.m2/repository/org/thymeleaf/thymeleaf/3.0.15.RELEASE/thymeleaf-3.0.15.RELEASE.jar:/Users/cheyenne/.m2/repository/org/attoparser/attoparser/2.0.5.RELEASE/attoparser-2.0.5.RELEASE.jar:/Users/cheyenne/.m2/repository/org/unbescape/unbescape/1.1.6.RELEASE/unbescape-1.1.6.RELEASE.jar:/Users/cheyenne/.m2/repository/org/thymeleaf/extras/thymeleaf-extras-java8time/3.0.4.RELEASE/thymeleaf-extras-java8time-3.0.4.RELEASE.jar:/Users/cheyenne/.m2/repository/org/springframework/boot/spring-boot-starter-web/2.5.14/spring-boot-starter-web-2.5.14.jar:/Users/cheyenne/.m2/repository/org/springframework/boot/spring-boot-starter-json/2.5.14/spring-boot-starter-json-2.5.14.jar:/Users/cheyenne/.m2/repository/com/fasterxml/jackson/datatype/jackson-datatype-jdk8/2.12.6/jackson-datatype-jdk8-2.12.6.jar:/Users/cheyenne/.m2/repository/com/fasterxml/jackson/module/jackson-module-parameter-names/2.12.6/jackson-module-parameter-names-2.12.6.jar:/Users/cheyenne/.m2/repository/org/springframework/boot/spring-boot-starter-tomcat/2.5.14/spring-boot-starter-tomcat-2.5.14.jar:/Users/cheyenne/.m2/repository/org/apache/tomcat/embed/tomcat-embed-core/9.0.63/tomcat-embed-core-9.0.63.jar:/Users/cheyenne/.m2/repository/org/apache/tomcat/embed/tomcat-embed-websocket/9.0.63/tomcat-embed-websocket-9.0.63.jar:/Users/cheyenne/.m2/repository/org/springframework/spring-web/5.3.20/spring-web-5.3.20.jar:/Users/cheyenne/.m2/repository/org/springframework/spring-beans/5.3.20/spring-beans-5.3.20.jar:/Users/cheyenne/.m2/repository/org/springframework/spring-webmvc/5.3.20/spring-webmvc-5.3.20.jar:/Users/cheyenne/.m2/repository/org/springframework/spring-context/5.3.20/spring-context-5.3.20.jar:/Users/cheyenne/.m2/repository/org/springframework/spring-expression/5.3.20/spring-expression-5.3.20.jar:/Users/cheyenne/.m2/repository/org/springframework/boot/spring-boot-devtools/2.5.14/spring-boot-devtools-2.5.14.jar:/Users/cheyenne/.m2/repository/org/springframework/boot/spring-boot/2.5.14/spring-boot-2.5.14.jar:/Users/cheyenne/.m2/repository/org/springframework/boot/spring-boot-autoconfigure/2.5.14/spring-boot-autoconfigure-2.5.14.jar:/Users/cheyenne/.m2/repository/org/springframework/boot/spring-boot-starter-test/2.5.14/spring-boot-starter-test-2.5.14.jar:/Users/cheyenne/.m2/repository/org/springframework/boot/spring-boot-test/2.5.14/spring-boot-test-2.5.14.jar:/Users/cheyenne/.m2/repository/org/springframework/boot/spring-boot-test-autoconfigure/2.5.14/spring-boot-test-autoconfigure-2.5.14.jar:/Users/cheyenne/.m2/repository/jakarta/xml/bind/jakarta.xml.bind-api/2.3.3/jakarta.xml.bind-api-2.3.3.jar:/Users/cheyenne/.m2/repository/jakarta/activation/jakarta.activation-api/1.2.2/jakarta.activation-api-1.2.2.jar:/Users/cheyenne/.m2/repository/org/assertj/assertj-core/3.19.0/assertj-core-3.19.0.jar:/Users/cheyenne/.m2/repository/org/hamcrest/hamcrest/2.2/hamcrest-2.2.jar:/Users/cheyenne/.m2/repository/org/junit/jupiter/junit-jupiter/5.7.2/junit-jupiter-5.7.2.jar:/Users/cheyenne/.m2/repository/org/junit/jupiter/junit-jupiter-params/5.7.2/junit-jupiter-params-5.7.2.jar:/Users/cheyenne/.m2/repository/org/junit/jupiter/junit-jupiter-engine/5.7.2/junit-jupiter-engine-5.7.2.jar:/Users/cheyenne/.m2/repository/org/junit/platform/junit-platform-engine/1.7.2/junit-platform-engine-1.7.2.jar:/Users/cheyenne/.m2/repository/org/mockito/mockito-core/3.9.0/mockito-core-3.9.0.jar:/Users/cheyenne/.m2/repository/net/bytebuddy/byte-buddy/1.10.22/byte-buddy-1.10.22.jar:/Users/cheyenne/.m2/repository/net/bytebuddy/byte-buddy-agent/1.10.22/byte-buddy-agent-1.10.22.jar:/Users/cheyenne/.m2/repository/org/objenesis/objenesis/3.2/objenesis-3.2.jar:/Users/cheyenne/.m2/repository/org/skyscreamer/jsonassert/1.5.0/jsonassert-1.5.0.jar:/Users/cheyenne/.m2/repository/com/vaadin/external/google/android-json/0.0.20131108.vaadin1/android-json-0.0.20131108.vaadin1.jar:/Users/cheyenne/.m2/repository/org/springframework/spring-core/5.3.20/spring-core-5.3.20.jar:/Users/cheyenne/.m2/repository/org/springframework/spring-jcl/5.3.20/spring-jcl-5.3.20.jar:/Users/cheyenne/.m2/repository/org/springframework/spring-test/5.3.20/spring-test-5.3.20.jar:/Users/cheyenne/.m2/repository/org/xmlunit/xmlunit-core/2.8.4/xmlunit-core-2.8.4.jar:/Users/cheyenne/.m2/repository/org/springframework/boot/spring-boot-starter-data-mongodb/2.5.14/spring-boot-starter-data-mongodb-2.5.14.jar:/Users/cheyenne/.m2/repository/org/mongodb/mongodb-driver-sync/4.2.3/mongodb-driver-sync-4.2.3.jar:/Users/cheyenne/.m2/repository/org/mongodb/bson/4.2.3/bson-4.2.3.jar:/Users/cheyenne/.m2/repository/org/mongodb/mongodb-driver-core/4.2.3/mongodb-driver-core-4.2.3.jar:/Users/cheyenne/.m2/repository/org/springframework/data/spring-data-mongodb/3.2.11/spring-data-mongodb-3.2.11.jar:/Users/cheyenne/.m2/repository/org/springframework/spring-tx/5.3.20/spring-tx-5.3.20.jar:/Users/cheyenne/.m2/repository/org/springframework/data/spring-data-commons/2.5.11/spring-data-commons-2.5.11.jar:/Users/cheyenne/.m2/repository/org/springframework/boot/spring-boot-starter-security/2.5.14/spring-boot-starter-security-2.5.14.jar:/Users/cheyenne/.m2/repository/org/springframework/spring-aop/5.3.20/spring-aop-5.3.20.jar:/Users/cheyenne/.m2/repository/org/springframework/security/spring-security-config/5.5.8/spring-security-config-5.5.8.jar:/Users/cheyenne/.m2/repository/org/springframework/security/spring-security-web/5.5.8/spring-security-web-5.5.8.jar:/Users/cheyenne/.m2/repository/org/springframework/security/spring-security-test/5.5.8/spring-security-test-5.5.8.jar:/Users/cheyenne/.m2/repository/org/springframework/security/spring-security-core/5.5.8/spring-security-core-5.5.8.jar:/Users/cheyenne/.m2/repository/org/springframework/security/spring-security-crypto/5.5.8/spring-security-crypto-5.5.8.jar:/Users/cheyenne/.m2/repository/org/thymeleaf/extras/thymeleaf-extras-springsecurity5/3.0.4.RELEASE/thymeleaf-extras-springsecurity5-3.0.4.RELEASE.jar:/Users/cheyenne/.m2/repository/org/slf4j/slf4j-api/1.7.36/slf4j-api-1.7.36.jar:/Users/cheyenne/.m2/repository/org/springdoc/springdoc-openapi-ui/1.5.2/springdoc-openapi-ui-1.5.2.jar:/Users/cheyenne/.m2/repository/org/springdoc/springdoc-openapi-webmvc-core/1.5.2/springdoc-openapi-webmvc-core-1.5.2.jar:/Users/cheyenne/.m2/repository/org/springdoc/springdoc-openapi-common/1.5.2/springdoc-openapi-common-1.5.2.jar:/Users/cheyenne/.m2/repository/io/swagger/core/v3/swagger-models/2.1.6/swagger-models-2.1.6.jar:/Users/cheyenne/.m2/repository/io/swagger/core/v3/swagger-annotations/2.1.6/swagger-annotations-2.1.6.jar:/Users/cheyenne/.m2/repository/io/swagger/core/v3/swagger-integration/2.1.6/swagger-integration-2.1.6.jar:/Users/cheyenne/.m2/repository/io/swagger/core/v3/swagger-core/2.1.6/swagger-core-2.1.6.jar:/Users/cheyenne/.m2/repository/com/fasterxml/jackson/dataformat/jackson-dataformat-yaml/2.12.6/jackson-dataformat-yaml-2.12.6.jar:/Users/cheyenne/.m2/repository/io/github/classgraph/classgraph/4.8.69/classgraph-4.8.69.jar:/Users/cheyenne/.m2/repository/org/apache/commons/commons-lang3/3.12.0/commons-lang3-3.12.0.jar:/Users/cheyenne/.m2/repository/org/webjars/swagger-ui/3.38.0/swagger-ui-3.38.0.jar:/Users/cheyenne/.m2/repository/org/webjars/webjars-locator-core/0.46/webjars-locator-core-0.46.jar:/Users/cheyenne/.m2/repository/com/fasterxml/jackson/core/jackson-core/2.12.6/jackson-core-2.12.6.jar:/Users/cheyenne/.m2/repository/com/jayway/jsonpath/json-path/2.5.0/json-path-2.5.0.jar:/Users/cheyenne/.m2/repository/net/minidev/json-smart/2.4.8/json-smart-2.4.8.jar:/Users/cheyenne/.m2/repository/net/minidev/accessors-smart/2.4.8/accessors-smart-2.4.8.jar:/Users/cheyenne/.m2/repository/org/ow2/asm/asm/9.1/asm-9.1.jar:/Users/cheyenne/.m2/repository/org/mockito/mockito-junit-jupiter/3.9.0/mockito-junit-jupiter-3.9.0.jar:/Users/cheyenne/.m2/repository/org/junit/jupiter/junit-jupiter-api/5.7.2/junit-jupiter-api-5.7.2.jar:/Users/cheyenne/.m2/repository/org/apiguardian/apiguardian-api/1.1.0/apiguardian-api-1.1.0.jar:/Users/cheyenne/.m2/repository/org/opentest4j/opentest4j/1.2.0/opentest4j-1.2.0.jar:/Users/cheyenne/.m2/repository/org/junit/platform/junit-platform-commons/1.7.2/junit-platform-commons-1.7.2.jar:"/>
    <property name="sun.cpu.endian" value="little"/>
    <property name="user.home" value="/Users/cheyenne"/>
    <property name="user.language" value="en"/>
    <property name="java.specification.vendor" value="Oracle Corporation"/>
    <property name="java.version.date" value="2022-09-20"/>
    <property name="java.home" value="/Library/Java/JavaVirtualMachines/jdk-19.jdk/Contents/Home"/>
    <property name="file.separator" value="/"/>
    <property name="basedir" value="/Users/cheyenne/Desktop/BELLEVUE/SERVER SIDE DEVELOPMENT/bookclub"/>
    <property name="java.vm.compressedOopsMode" value="Zero based"/>
    <property name="line.separator" value="&#10;"/>
    <property name="java.vm.specification.vendor" value="Oracle Corporation"/>
    <property name="java.specification.name" value="Java Platform API Specification"/>
    <property name="apple.awt.application.name" value="ForkedBooter"/>
    <property name="surefire.real.class.path" value="/Users/cheyenne/Desktop/BELLEVUE/SERVER SIDE DEVELOPMENT/bookclub/target/surefire/surefirebooter4757757782941480691.jar"/>
    <property name="sun.management.compiler" value="HotSpot 64-Bit Tiered Compilers"/>
    <property name="ftp.nonProxyHosts" value="local|*.local|169.254/16|*.169.254/16"/>
    <property name="java.runtime.version" value="19+36-2238"/>
    <property name="user.name" value="cheyenne"/>
    <property name="stdout.encoding" value="UTF-8"/>
    <property name="path.separator" value=":"/>
    <property name="os.version" value="13.3.1"/>
    <property name="java.runtime.name" value="Java(TM) SE Runtime Environment"/>
    <property name="file.encoding" value="UTF-8"/>
    <property name="java.vm.name" value="Java HotSpot(TM) 64-Bit Server VM"/>
    <property name="localRepository" value="/Users/cheyenne/.m2/repository"/>
    <property name="java.vendor.url.bug" value="https://bugreport.java.com/bugreport/"/>
    <property name="java.io.tmpdir" value="/var/folders/hb/_jb68nr15t3dk06ddnspzm3w0000gn/T/"/>
    <property name="java.version" value="19"/>
    <property name="user.dir" value="/Users/cheyenne/Desktop/BELLEVUE/SERVER SIDE DEVELOPMENT/bookclub"/>
    <property name="os.arch" value="aarch64"/>
    <property name="java.vm.specification.name" value="Java Virtual Machine Specification"/>
    <property name="native.encoding" value="UTF-8"/>
    <property name="java.library.path" value="/Users/cheyenne/Library/Java/Extensions:/Library/Java/Extensions:/Network/Library/Java/Extensions:/System/Library/Java/Extensions:/usr/lib/java:."/>
    <property name="java.vm.info" value="mixed mode, sharing"/>
    <property name="stderr.encoding" value="UTF-8"/>
    <property name="java.vendor" value="Oracle Corporation"/>
    <property name="java.vm.version" value="19+36-2238"/>
    <property name="sun.io.unicode.encoding" value="UnicodeBig"/>
    <property name="socksNonProxyHosts" value="local|*.local|169.254/16|*.169.254/16"/>
    <property name="java.class.version" value="63.0"/>
  </properties>
  <testcase name="contextLoads" classname="com.bookclub.BookclubApplicationTests" time="0.171"/>
</testsuite>